This is pdfTeX, Version 3.14159265-2.6-1.40.15 (TeX Live 2014) (preloaded format=pdflatex 2014.10.18)  9 APR 2015 23:24
entering extended mode
 restricted \write18 enabled.
 %&-line parsing enabled.
**SAGE.tex
(./SAGE.tex
LaTeX2e <2014/05/01>
Babel <3.9k> and hyphenation patterns for 78 languages loaded.
(/usr/local/texlive/2014/texmf-dist/tex/latex/base/book.cls
Document Class: book 2007/10/19 v1.4h Standard LaTeX document class
(/usr/local/texlive/2014/texmf-dist/tex/latex/base/bk12.clo
File: bk12.clo 2007/10/19 v1.4h Standard LaTeX file (size option)
)
\c@part=\count79
\c@chapter=\count80
\c@section=\count81
\c@subsection=\count82
\c@subsubsection=\count83
\c@paragraph=\count84
\c@subparagraph=\count85
\c@figure=\count86
\c@table=\count87
\abovecaptionskip=\skip41
\belowcaptionskip=\skip42
\bibindent=\dimen102
)
(/usr/local/texlive/2014/texmf-dist/tex/latex/geometry/geometry.sty
Package: geometry 2010/09/12 v5.6 Page Geometry

(/usr/local/texlive/2014/texmf-dist/tex/latex/graphics/keyval.sty
Package: keyval 2014/05/08 v1.15 key=value parser (DPC)
\KV@toks@=\toks14
)
(/usr/local/texlive/2014/texmf-dist/tex/generic/oberdiek/ifpdf.sty
Package: ifpdf 2011/01/30 v2.3 Provides the ifpdf switch (HO)
Package ifpdf Info: pdfTeX in PDF mode is detected.
)
(/usr/local/texlive/2014/texmf-dist/tex/generic/oberdiek/ifvtex.sty
Package: ifvtex 2010/03/01 v1.5 Detect VTeX and its facilities (HO)
Package ifvtex Info: VTeX not detected.
)
(/usr/local/texlive/2014/texmf-dist/tex/generic/ifxetex/ifxetex.sty
Package: ifxetex 2010/09/12 v0.6 Provides ifxetex conditional
)
\Gm@cnth=\count88
\Gm@cntv=\count89
\c@Gm@tempcnt=\count90
\Gm@bindingoffset=\dimen103
\Gm@wd@mp=\dimen104
\Gm@odd@mp=\dimen105
\Gm@even@mp=\dimen106
\Gm@layoutwidth=\dimen107
\Gm@layoutheight=\dimen108
\Gm@layouthoffset=\dimen109
\Gm@layoutvoffset=\dimen110
\Gm@dimlist=\toks15
)
(/usr/local/texlive/2014/texmf-dist/tex/generic/babel/babel.sty
Package: babel 2014/03/24 3.9k The Babel package

(/usr/local/texlive/2014/texmf-dist/tex/generic/babel-spanish/spanish.ldf
Language: spanish.ldf 2014/04/24 v5.0n Spanish support from the babel system

(/usr/local/texlive/2014/texmf-dist/tex/generic/babel/babel.def
File: babel.def 2014/03/24 3.9k Babel common definitions
\babel@savecnt=\count91
\U@D=\dimen111
)
\es@quottoks=\toks16
\es@quotdepth=\count92
Package babel Info: Making " an active character on input line 516.
Package babel Info: Making . an active character on input line 617.
Package babel Info: Making < an active character on input line 662.
Package babel Info: Making > an active character on input line 662.
))
(/usr/local/texlive/2014/texmf-dist/tex/latex/tools/indentfirst.sty
Package: indentfirst 1995/11/23 v1.03 Indent first paragraph (DPC)
)
(/usr/local/texlive/2014/texmf-dist/tex/latex/base/inputenc.sty
Package: inputenc 2014/04/30 v1.2b Input encoding file
\inpenc@prehook=\toks17
\inpenc@posthook=\toks18

(/usr/local/texlive/2014/texmf-dist/tex/latex/base/latin1.def
File: latin1.def 2014/04/30 v1.2b Input encoding file
))
(/usr/local/texlive/2014/texmf-dist/tex/latex/amsmath/amstext.sty
Package: amstext 2000/06/29 v2.01

(/usr/local/texlive/2014/texmf-dist/tex/latex/amsmath/amsgen.sty
File: amsgen.sty 1999/11/30 v2.0
\@emptytoks=\toks19
\ex@=\dimen112
))
(/usr/local/texlive/2014/texmf-dist/tex/latex/amsfonts/amsfonts.sty
Package: amsfonts 2013/01/14 v3.01 Basic AMSFonts support
\symAMSa=\mathgroup4
\symAMSb=\mathgroup5
LaTeX Font Info:    Overwriting math alphabet `\mathfrak' in version `bold'
(Font)                  U/euf/m/n --> U/euf/b/n on input line 106.
)
(/usr/local/texlive/2014/texmf-dist/tex/latex/tools/enumerate.sty
Package: enumerate 1999/03/05 v3.00 enumerate extensions (DPC)
\@enLab=\toks20
)
(/usr/local/texlive/2014/texmf-dist/tex/latex/graphics/color.sty
Package: color 2014/04/23 v1.1a Standard LaTeX Color (DPC)

(/usr/local/texlive/2014/texmf-dist/tex/latex/latexconfig/color.cfg
File: color.cfg 2007/01/18 v1.5 color configuration of teTeX/TeXLive
)
Package color Info: Driver file: pdftex.def on input line 137.

(/usr/local/texlive/2014/texmf-dist/tex/latex/pdftex-def/pdftex.def
File: pdftex.def 2011/05/27 v0.06d Graphics/color for pdfTeX

(/usr/local/texlive/2014/texmf-dist/tex/generic/oberdiek/infwarerr.sty
Package: infwarerr 2010/04/08 v1.3 Providing info/warning/error messages (HO)
)
(/usr/local/texlive/2014/texmf-dist/tex/generic/oberdiek/ltxcmds.sty
Package: ltxcmds 2011/11/09 v1.22 LaTeX kernel commands for general use (HO)
)
\Gread@gobject=\count93
))
(/usr/local/texlive/2014/texmf-dist/tex/latex/graphics/graphicx.sty
Package: graphicx 2014/04/25 v1.0g Enhanced LaTeX Graphics (DPC,SPQR)

(/usr/local/texlive/2014/texmf-dist/tex/latex/graphics/graphics.sty
Package: graphics 2009/02/05 v1.0o Standard LaTeX Graphics (DPC,SPQR)

(/usr/local/texlive/2014/texmf-dist/tex/latex/graphics/trig.sty
Package: trig 1999/03/16 v1.09 sin cos tan (DPC)
)
(/usr/local/texlive/2014/texmf-dist/tex/latex/latexconfig/graphics.cfg
File: graphics.cfg 2010/04/23 v1.9 graphics configuration of TeX Live
)
Package graphics Info: Driver file: pdftex.def on input line 91.
)
\Gin@req@height=\dimen113
\Gin@req@width=\dimen114
)
(/usr/local/texlive/2014/texmf-dist/tex/latex/fancyvrb/fancyvrb.sty
Package: fancyvrb 2008/02/07

Style option: `fancyvrb' v2.7a, with DG/SPQR fixes, and firstline=lastline fix 
<2008/02/07> (tvz)
\FV@CodeLineNo=\count94
\FV@InFile=\read1
\FV@TabBox=\box26
\c@FancyVerbLine=\count95
\FV@StepNumber=\count96
\FV@OutFile=\write3
)
(/usr/local/texlive/2014/texmf-dist/tex/latex/setspace/setspace.sty
Package: setspace 2011/12/19 v6.7a set line spacing
)
(./SAGE.aux
LaTeX Info: Redefining \. on input line 6.
LaTeX Info: Redefining \% on input line 6.
)
\openout1 = `SAGE.aux'.

LaTeX Font Info:    Checking defaults for OML/cmm/m/it on input line 37.
LaTeX Font Info:    ... okay on input line 37.
LaTeX Font Info:    Checking defaults for T1/cmr/m/n on input line 37.
LaTeX Font Info:    ... okay on input line 37.
LaTeX Font Info:    Checking defaults for OT1/cmr/m/n on input line 37.
LaTeX Font Info:    ... okay on input line 37.
LaTeX Font Info:    Checking defaults for OMS/cmsy/m/n on input line 37.
LaTeX Font Info:    ... okay on input line 37.
LaTeX Font Info:    Checking defaults for OMX/cmex/m/n on input line 37.
LaTeX Font Info:    ... okay on input line 37.
LaTeX Font Info:    Checking defaults for U/cmr/m/n on input line 37.
LaTeX Font Info:    ... okay on input line 37.

*geometry* driver: auto-detecting
*geometry* detected driver: pdftex
*geometry* verbose mode - [ preamble ] result:
* driver: pdftex
* paper: a4paper
* layout: <same size as paper>
* layoutoffset:(h,v)=(0.0pt,0.0pt)
* modes: 
* h-part:(L,W,R)=(72.26999pt, 452.9679pt, 72.26999pt)
* v-part:(T,H,B)=(101.40665pt, 591.5302pt, 152.11pt)
* \paperwidth=597.50787pt
* \paperheight=845.04684pt
* \textwidth=452.9679pt
* \textheight=591.5302pt
* \oddsidemargin=0.0pt
* \evensidemargin=0.0pt
* \topmargin=-2.73714pt
* \headheight=12.0pt
* \headsep=19.8738pt
* \topskip=12.0pt
* \footskip=30.0pt
* \marginparwidth=38.0pt
* \marginparsep=7.0pt
* \columnsep=10.0pt
* \skip\footins=10.8pt plus 4.0pt minus 2.0pt
* \hoffset=0.0pt
* \voffset=0.0pt
* \mag=1000
* \@twocolumnfalse
* \@twosidefalse
* \@mparswitchfalse
* \@reversemarginfalse
* (1in=72.27pt=25.4mm, 1cm=28.453pt)

LaTeX Info: Redefining \. on input line 37.
LaTeX Info: Redefining \% on input line 37.
(/usr/local/texlive/2014/texmf-dist/tex/context/base/supp-pdf.mkii
[Loading MPS to PDF converter (version 2006.09.02).]
\scratchcounter=\count97
\scratchdimen=\dimen115
\scratchbox=\box27
\nofMPsegments=\count98
\nofMParguments=\count99
\everyMPshowfont=\toks21
\MPscratchCnt=\count100
\MPscratchDim=\dimen116
\MPnumerator=\count101
\makeMPintoPDFobject=\count102
\everyMPtoPDFconversion=\toks22
) (/usr/local/texlive/2014/texmf-dist/tex/generic/oberdiek/pdftexcmds.sty
Package: pdftexcmds 2011/11/29 v0.20 Utility functions of pdfTeX for LuaTeX (HO
)

(/usr/local/texlive/2014/texmf-dist/tex/generic/oberdiek/ifluatex.sty
Package: ifluatex 2010/03/01 v1.3 Provides the ifluatex switch (HO)
Package ifluatex Info: LuaTeX not detected.
)
Package pdftexcmds Info: LuaTeX not detected.
Package pdftexcmds Info: \pdf@primitive is available.
Package pdftexcmds Info: \pdf@ifprimitive is available.
Package pdftexcmds Info: \pdfdraftmode found.
)
(/usr/local/texlive/2014/texmf-dist/tex/latex/oberdiek/epstopdf-base.sty
Package: epstopdf-base 2010/02/09 v2.5 Base part for package epstopdf

(/usr/local/texlive/2014/texmf-dist/tex/latex/oberdiek/grfext.sty
Package: grfext 2010/08/19 v1.1 Manage graphics extensions (HO)

(/usr/local/texlive/2014/texmf-dist/tex/generic/oberdiek/kvdefinekeys.sty
Package: kvdefinekeys 2011/04/07 v1.3 Define keys (HO)
))
(/usr/local/texlive/2014/texmf-dist/tex/latex/oberdiek/kvoptions.sty
Package: kvoptions 2011/06/30 v3.11 Key value format for package options (HO)

(/usr/local/texlive/2014/texmf-dist/tex/generic/oberdiek/kvsetkeys.sty
Package: kvsetkeys 2012/04/25 v1.16 Key value parser (HO)

(/usr/local/texlive/2014/texmf-dist/tex/generic/oberdiek/etexcmds.sty
Package: etexcmds 2011/02/16 v1.5 Avoid name clashes with e-TeX commands (HO)
Package etexcmds Info: Could not find \expanded.
(etexcmds)             That can mean that you are not using pdfTeX 1.50 or
(etexcmds)             that some package has redefined \expanded.
(etexcmds)             In the latter case, load this package earlier.
)))
Package grfext Info: Graphics extension search list:
(grfext)             [.png,.pdf,.jpg,.mps,.jpeg,.jbig2,.jb2,.PNG,.PDF,.JPG,.JPE
G,.JBIG2,.JB2,.eps]
(grfext)             \AppendGraphicsExtensions on input line 452.

(/usr/local/texlive/2014/texmf-dist/tex/latex/latexconfig/epstopdf-sys.cfg
File: epstopdf-sys.cfg 2010/07/13 v1.3 Configuration of (r)epstopdf for TeX Liv
e
))
LaTeX Font Info:    Try loading font information for U+msa on input line 40.

(/usr/local/texlive/2014/texmf-dist/tex/latex/amsfonts/umsa.fd
File: umsa.fd 2013/01/14 v3.01 AMS symbols A
)
LaTeX Font Info:    Try loading font information for U+msb on input line 40.

(/usr/local/texlive/2014/texmf-dist/tex/latex/amsfonts/umsb.fd
File: umsb.fd 2013/01/14 v3.01 AMS symbols B
) [1


{/usr/local/texlive/2014/texmf-var/fonts/map/pdftex/updmap/pdftex.map}] (./SAGE
.toc
LaTeX Info: Redefining \. on input line 1.
LaTeX Info: Redefining \% on input line 1.
 [1

])
\tf@toc=\write4
\openout4 = `SAGE.toc'.

LaTeX Info: Redefining \. on input line 44.
LaTeX Info: Redefining \% on input line 44.

[2]
Cap\'{\i }tulo 1.
[3

]
LaTeX Info: Redefining \. on input line 113.
LaTeX Info: Redefining \% on input line 113.
 [4]
LaTeX Info: Redefining \. on input line 154.
LaTeX Info: Redefining \% on input line 154.
 [5]
LaTeX Info: Redefining \. on input line 192.
LaTeX Info: Redefining \% on input line 192.
 [6]
LaTeX Info: Redefining \. on input line 225.
LaTeX Info: Redefining \% on input line 225.
 [7]
LaTeX Font Info:    Try loading font information for U+lasy on input line 233.
 (/usr/local/texlive/2014/texmf-dist/tex/latex/base/ulasy.fd
File: ulasy.fd 1998/08/17 v2.2e LaTeX symbol font definitions
)
LaTeX Info: Redefining \. on input line 250.
LaTeX Info: Redefining \% on input line 250.
 [8]
LaTeX Info: Redefining \. on input line 283.
LaTeX Info: Redefining \% on input line 283.
 [9]
LaTeX Info: Redefining \. on input line 328.
LaTeX Info: Redefining \% on input line 328.
 [10]
LaTeX Info: Redefining \. on input line 361.
LaTeX Info: Redefining \% on input line 361.
 [11]
LaTeX Info: Redefining \. on input line 406.
LaTeX Info: Redefining \% on input line 406.
 [12]
LaTeX Info: Redefining \. on input line 457.
LaTeX Info: Redefining \% on input line 457.
 [13]
LaTeX Info: Redefining \. on input line 481.
LaTeX Info: Redefining \% on input line 481.
 [14]
LaTeX Info: Redefining \. on input line 527.
LaTeX Info: Redefining \% on input line 527.
 [15]
LaTeX Info: Redefining \. on input line 556.
LaTeX Info: Redefining \% on input line 556.
 [16]
LaTeX Info: Redefining \. on input line 608.
LaTeX Info: Redefining \% on input line 608.
 [17]
LaTeX Info: Redefining \. on input line 647.
LaTeX Info: Redefining \% on input line 647.
 [18]
LaTeX Info: Redefining \. on input line 683.
LaTeX Info: Redefining \% on input line 683.
 [19]
LaTeX Info: Redefining \. on input line 695.
LaTeX Info: Redefining \% on input line 695.
 [20]
Cap\'{\i }tulo 2.
[21

]
LaTeX Info: Redefining \. on input line 754.
LaTeX Info: Redefining \% on input line 754.
 [22]
LaTeX Info: Redefining \. on input line 791.
LaTeX Info: Redefining \% on input line 791.
 [23]
LaTeX Info: Redefining \. on input line 819.
LaTeX Info: Redefining \% on input line 819.
 [24]
LaTeX Info: Redefining \. on input line 875.
LaTeX Info: Redefining \% on input line 875.
 [25]
LaTeX Info: Redefining \. on input line 905.
LaTeX Info: Redefining \% on input line 905.
 [26]
Cap\'{\i }tulo 3.
[27

]
LaTeX Info: Redefining \. on input line 943.
LaTeX Info: Redefining \% on input line 943.
 [28]
LaTeX Info: Redefining \. on input line 980.
LaTeX Info: Redefining \% on input line 980.
 [29]
LaTeX Info: Redefining \. on input line 1026.
LaTeX Info: Redefining \% on input line 1026.
 [30]
LaTeX Info: Redefining \. on input line 1069.
LaTeX Info: Redefining \% on input line 1069.
 [31]
LaTeX Info: Redefining \. on input line 1102.
LaTeX Info: Redefining \% on input line 1102.
 [32]
LaTeX Info: Redefining \. on input line 1146.
LaTeX Info: Redefining \% on input line 1146.
 [33]
<polimonio1.png, id=126, 433.62pt x 267.399pt>
File: polimonio1.png Graphic file (type png)
 <use polimonio1.png>
Package pdftex.def Info: polimonio1.png used on input line 1176.
(pdftex.def)             Requested size: 300.0pt x 185.00737pt.

<polinomio2.png, id=128, 433.62pt x 267.399pt>
File: polinomio2.png Graphic file (type png)
 <use polinomio2.png>
Package pdftex.def Info: polinomio2.png used on input line 1184.
(pdftex.def)             Requested size: 300.0pt x 185.00737pt.
LaTeX Info: Redefining \. on input line 1190.
LaTeX Info: Redefining \% on input line 1190.
 [34]
LaTeX Info: Redefining \. on input line 1190.
LaTeX Info: Redefining \% on input line 1190.

[35 <./polimonio1.png> <./polinomio2.png>]
Cap\'{\i }tulo 4.
[36

] <funcion2.png, id=141, 433.62pt x 267.399pt>
File: funcion2.png Graphic file (type png)
 <use funcion2.png>
Package pdftex.def Info: funcion2.png used on input line 1224.
(pdftex.def)             Requested size: 280.0pt x 172.673pt.

<funcion4.png, id=142, 433.62pt x 267.399pt>
File: funcion4.png Graphic file (type png)
 <use funcion4.png>
Package pdftex.def Info: funcion4.png used on input line 1242.
(pdftex.def)             Requested size: 280.0pt x 172.673pt.
LaTeX Info: Redefining \. on input line 1259.
LaTeX Info: Redefining \% on input line 1259.
 [37 <./funcion2.png>] <funcion7.png, id=147, 433.62pt x 267.399pt>
File: funcion7.png Graphic file (type png)
 <use funcion7.png>
Package pdftex.def Info: funcion7.png used on input line 1275.
(pdftex.def)             Requested size: 280.0pt x 172.673pt.
LaTeX Info: Redefining \. on input line 1287.
LaTeX Info: Redefining \% on input line 1287.
 [38 <./funcion4.png>]
LaTeX Info: Redefining \. on input line 1321.
LaTeX Info: Redefining \% on input line 1321.
 [39 <./funcion7.png>]
<funcion6.png, id=156, 433.62pt x 433.62pt>
File: funcion6.png Graphic file (type png)
 <use funcion6.png>
Package pdftex.def Info: funcion6.png used on input line 1333.
(pdftex.def)             Requested size: 280.0pt x 280.01027pt.
LaTeX Info: Redefining \. on input line 1337.
LaTeX Info: Redefining \% on input line 1337.
 [40 <./funcion6.png>]
Cap\'{\i }tulo 5.
[41

]
LaTeX Info: Redefining \. on input line 1393.
LaTeX Info: Redefining \% on input line 1393.
 [42]
LaTeX Info: Redefining \. on input line 1437.
LaTeX Info: Redefining \% on input line 1437.
 [43]
LaTeX Info: Redefining \. on input line 1475.
LaTeX Info: Redefining \% on input line 1475.
 [44] <taylor1.png, id=174, 433.62pt x 267.399pt>
File: taylor1.png Graphic file (type png)

<use taylor1.png>
Package pdftex.def Info: taylor1.png used on input line 1489.
(pdftex.def)             Requested size: 300.0pt x 185.00737pt.
 <taylor2.png, id=175, 433.62pt x 267.399pt>
File: taylor2.png Graphic file (type png)

<use taylor2.png>
Package pdftex.def Info: taylor2.png used on input line 1496.
(pdftex.def)             Requested size: 300.0pt x 185.00737pt.
LaTeX Info: Redefining \. on input line 1500.
LaTeX Info: Redefining \% on input line 1500.
 [45 <./taylor1.png>]
LaTeX Info: Redefining \. on input line 1500.
LaTeX Info: Redefining \% on input line 1500.
 [46 <./taylor2.png>]
Cap\'{\i }tulo 6.
[47

]
LaTeX Info: Redefining \. on input line 1569.
LaTeX Info: Redefining \% on input line 1569.
 [48] <vector.png, id=191, 433.62pt x 267.399pt>
File: vector.png Graphic file (type png)
 <use vector.png>
Package pdftex.def Info: vector.png used on input line 1621.
(pdftex.def)             Requested size: 300.0pt x 185.00737pt.
LaTeX Info: Redefining \. on input line 1634.
LaTeX Info: Redefining \% on input line 1634.
 [49]
LaTeX Info: Redefining \. on input line 1655.
LaTeX Info: Redefining \% on input line 1655.

[50 <./vector.png>]
LaTeX Info: Redefining \. on input line 1687.
LaTeX Info: Redefining \% on input line 1687.
 [51]
LaTeX Info: Redefining \. on input line 1732.
LaTeX Info: Redefining \% on input line 1732.
 [52]
LaTeX Info: Redefining \. on input line 1771.
LaTeX Info: Redefining \% on input line 1771.
 [53]
LaTeX Info: Redefining \. on input line 1822.
LaTeX Info: Redefining \% on input line 1822.
 [54]
LaTeX Info: Redefining \. on input line 1854.
LaTeX Info: Redefining \% on input line 1854.
 [55]
LaTeX Info: Redefining \. on input line 1896.
LaTeX Info: Redefining \% on input line 1896.
 [56]
LaTeX Info: Redefining \. on input line 1938.
LaTeX Info: Redefining \% on input line 1938.
 [57]
LaTeX Info: Redefining \. on input line 1972.
LaTeX Info: Redefining \% on input line 1972.
 [58]
LaTeX Info: Redefining \. on input line 1978.
LaTeX Info: Redefining \% on input line 1978.
 [59]
Cap\'{\i }tulo 7.
[60

]
LaTeX Info: Redefining \. on input line 2040.
LaTeX Info: Redefining \% on input line 2040.
 [61]
LaTeX Info: Redefining \. on input line 2076.
LaTeX Info: Redefining \% on input line 2076.
 [62]
LaTeX Info: Redefining \. on input line 2114.
LaTeX Info: Redefining \% on input line 2114.
 [63]
LaTeX Info: Redefining \. on input line 2132.
LaTeX Info: Redefining \% on input line 2132.
 [64]
LaTeX Info: Redefining \. on input line 2174.
LaTeX Info: Redefining \% on input line 2174.
 [65]
LaTeX Info: Redefining \. on input line 2210.
LaTeX Info: Redefining \% on input line 2210.
 [66]
LaTeX Info: Redefining \. on input line 2252.
LaTeX Info: Redefining \% on input line 2252.
 [67]
LaTeX Info: Redefining \. on input line 2277.
LaTeX Info: Redefining \% on input line 2277.
 [68]
Cap\'{\i }tulo 8.
[69

]
LaTeX Info: Redefining \. on input line 2355.
LaTeX Info: Redefining \% on input line 2355.
 [70]
LaTeX Info: Redefining \. on input line 2393.
LaTeX Info: Redefining \% on input line 2393.
 [71]
LaTeX Info: Redefining \. on input line 2435.
LaTeX Info: Redefining \% on input line 2435.
 [72]
LaTeX Info: Redefining \. on input line 2466.
LaTeX Info: Redefining \% on input line 2466.
 [73]
LaTeX Info: Redefining \. on input line 2471.
LaTeX Info: Redefining \% on input line 2471.
 [74]
Ap\'{e}ndice A.
[75

]
LaTeX Info: Redefining \. on input line 2533.
LaTeX Info: Redefining \% on input line 2533.
 [76]
LaTeX Info: Redefining \. on input line 2537.
LaTeX Info: Redefining \% on input line 2537.
 [77]
Ap\'{e}ndice B.
[78

]
LaTeX Info: Redefining \. on input line 2604.
LaTeX Info: Redefining \% on input line 2604.
 [79]
LaTeX Info: Redefining \. on input line 2628.
LaTeX Info: Redefining \% on input line 2628.
 [80] (./SAGE.aux
LaTeX Info: Redefining \. on input line 6.
LaTeX Info: Redefining \% on input line 6.
) ) 
Here is how much of TeX's memory you used:
 3517 strings out of 493117
 50571 string characters out of 6135432
 125418 words of memory out of 5000000
 6898 multiletter control sequences out of 15000+600000
 16310 words of font info for 63 fonts, out of 8000000 for 9000
 1141 hyphenation exceptions out of 8191
 37i,7n,31p,1059b,539s stack positions out of 5000i,500n,10000p,200000b,80000s
</usr/local/texlive/2014/texmf-dist/fonts/type1/public/amsfonts/cm/cmbx12.pf
b></usr/local/texlive/2014/texmf-dist/fonts/type1/public/amsfonts/cm/cmmi12.pfb
></usr/local/texlive/2014/texmf-dist/fonts/type1/public/amsfonts/cm/cmmi8.pfb><
/usr/local/texlive/2014/texmf-dist/fonts/type1/public/amsfonts/cm/cmr10.pfb></u
sr/local/texlive/2014/texmf-dist/fonts/type1/public/amsfonts/cm/cmr12.pfb></usr
/local/texlive/2014/texmf-dist/fonts/type1/public/amsfonts/cm/cmr17.pfb></usr/l
ocal/texlive/2014/texmf-dist/fonts/type1/public/amsfonts/cm/cmr8.pfb></usr/loca
l/texlive/2014/texmf-dist/fonts/type1/public/amsfonts/cm/cmsl12.pfb></usr/local
/texlive/2014/texmf-dist/fonts/type1/public/amsfonts/cm/cmss12.pfb></usr/local/
texlive/2014/texmf-dist/fonts/type1/public/amsfonts/cm/cmss17.pfb></usr/local/t
exlive/2014/texmf-dist/fonts/type1/public/amsfonts/cm/cmsy10.pfb></usr/local/te
xlive/2014/texmf-dist/fonts/type1/public/amsfonts/cm/cmsy8.pfb></usr/local/texl
ive/2014/texmf-dist/fonts/type1/public/amsfonts/cm/cmti12.pfb></usr/local/texli
ve/2014/texmf-dist/fonts/type1/public/amsfonts/cm/cmtt10.pfb></usr/local/texliv
e/2014/texmf-dist/fonts/type1/public/amsfonts/cm/cmtt12.pfb></usr/local/texlive
/2014/texmf-dist/fonts/type1/public/amsfonts/latxfont/lasy10.pfb></usr/local/te
xlive/2014/texmf-dist/fonts/type1/public/amsfonts/symbols/msbm10.pfb>
Output written on SAGE.pdf (81 pages, 412688 bytes).
PDF statistics:
 354 PDF objects out of 1000 (max. 8388607)
 233 compressed objects within 3 object streams
 0 named destinations out of 1000 (max. 500000)
 46 words of extra memory for PDF output out of 10000 (max. 10000000)

